Traceback (most recent call last):
  File "/home/matthew_a/workspace/install/ament_cmake_core/share/ament_cmake_core/cmake/package_templates/templates_2_cmake.py", line 21, in <module>
    from ament_package.templates import get_environment_hook_template_path
ModuleNotFoundError: No module named 'ament_package'
[31mCMake Error at /home/matthew_a/workspace/install/ament_cmake_core/share/ament_cmake_core/cmake/ament_cmake_package_templates-extras.cmake:41 (message):
  execute_process(/usr/bin/python3
  /home/matthew_a/workspace/install/ament_cmake_core/share/ament_cmake_core/cmake/package_templates/templates_2_cmake.py
  /home/matthew_a/unilidar_sdk2/unitree_lidar_ros2/build/unitree_lidar_ros2/ament_cmake_package_templates/templates.cmake)
  returned error code 1
Call Stack (most recent call first):
  /home/matthew_a/workspace/install/ament_cmake_core/share/ament_cmake_core/cmake/ament_cmake_coreConfig.cmake:41 (include)
  /home/matthew_a/workspace/install/ament_cmake/share/ament_cmake/cmake/ament_cmake_export_dependencies-extras.cmake:15 (find_package)
  /home/matthew_a/workspace/install/ament_cmake/share/ament_cmake/cmake/ament_cmakeConfig.cmake:41 (include)
  CMakeLists.txt:18 (find_package)

[0m
gmake: *** [Makefile:267: cmake_check_build_system] Error 1
