[0.018s] Invoking command in '/home/matthew_a/unilidar_sdk2/unitree_lidar_ros2/build/unitree_lidar_ros2': DEBUGINFOD_URLS=https://debuginfod.ubuntu.com /usr/bin/cmake --build /home/matthew_a/unilidar_sdk2/unitree_lidar_ros2/build/unitree_lidar_ros2 -- -j16 -l16
[0.102s] -- Found ament_cmake: 2.8.4 (/home/matthew_a/workspace/install/ament_cmake/share/ament_cmake/cmake)
[0.775s] Traceback (most recent call last):
[0.775s]   File "/home/matthew_a/workspace/install/ament_cmake_core/share/ament_cmake_core/cmake/package_templates/templates_2_cmake.py", line 21, in <module>
[0.776s]     from ament_package.templates import get_environment_hook_template_path
[0.776s] ModuleNotFoundError: No module named 'ament_package'
[0.825s] [31mCMake Error at /home/matthew_a/workspace/install/ament_cmake_core/share/ament_cmake_core/cmake/ament_cmake_package_templates-extras.cmake:41 (message):
[0.825s]   execute_process(/usr/bin/python3
[0.826s]   /home/matthew_a/workspace/install/ament_cmake_core/share/ament_cmake_core/cmake/package_templates/templates_2_cmake.py
[0.826s]   /home/matthew_a/unilidar_sdk2/unitree_lidar_ros2/build/unitree_lidar_ros2/ament_cmake_package_templates/templates.cmake)
[0.826s]   returned error code 1
[0.827s] Call Stack (most recent call first):
[0.827s]   /home/matthew_a/workspace/install/ament_cmake_core/share/ament_cmake_core/cmake/ament_cmake_coreConfig.cmake:41 (include)
[0.827s]   /home/matthew_a/workspace/install/ament_cmake/share/ament_cmake/cmake/ament_cmake_export_dependencies-extras.cmake:15 (find_package)
[0.828s]   /home/matthew_a/workspace/install/ament_cmake/share/ament_cmake/cmake/ament_cmakeConfig.cmake:41 (include)
[0.828s]   CMakeLists.txt:18 (find_package)
[0.828s] 
[0.828s] [0m
[0.828s] -- Configuring incomplete, errors occurred!
[0.839s] gmake: *** [Makefile:267: cmake_check_build_system] Error 1
[0.857s] Invoked command in '/home/matthew_a/unilidar_sdk2/unitree_lidar_ros2/build/unitree_lidar_ros2' returned '2': DEBUGINFOD_URLS=https://debuginfod.ubuntu.com /usr/bin/cmake --build /home/matthew_a/unilidar_sdk2/unitree_lidar_ros2/build/unitree_lidar_ros2 -- -j16 -l16
